1625068151941	geckodriver	INFO	Listening on 127.0.0.1:56825
1625068152998	mozrunner::runner	INFO	Running command: "/Applications/Firefox.app/Contents/MacOS/firefox-bin" "--marionette" "-foreground" "-no-remote" "-profile" "/var/folders/53/krkj8w7x2r9093srngzwf3ch0000gn/T/rust_mozprofileTC8SBb"
1625068153917	Marionette	INFO	Marionette enabled
console.warn: SearchSettings: "get: No settings file exists, new profile?" (new NotFoundError("Could not open the file at /var/folders/53/krkj8w7x2r9093srngzwf3ch0000gn/T/rust_mozprofileTC8SBb/search.json.mozlz4", (void 0)))
1625068158516	Marionette	INFO	Listening on port 56837
1625068158628	Marionette	WARN	TLS certificate errors will be ignored for this session
1625068277513	geckodriver	INFO	Listening on 127.0.0.1:56970
1625068278533	mozrunner::runner	INFO	Running command: "/Applications/Firefox.app/Contents/MacOS/firefox-bin" "--marionette" "-foreground" "-no-remote" "-profile" "/var/folders/53/krkj8w7x2r9093srngzwf3ch0000gn/T/rust_mozprofileyYlpfY"
1625068279382	Marionette	INFO	Marionette enabled
console.warn: SearchSettings: "get: No settings file exists, new profile?" (new NotFoundError("Could not open the file at /var/folders/53/krkj8w7x2r9093srngzwf3ch0000gn/T/rust_mozprofileyYlpfY/search.json.mozlz4", (void 0)))
1625068283923	Marionette	INFO	Listening on port 56981
1625068283988	Marionette	WARN	TLS certificate errors will be ignored for this session
1625068291288	geckodriver	INFO	Listening on 127.0.0.1:57079
1625068291308	mozrunner::runner	INFO	Running command: "/Applications/Firefox.app/Contents/MacOS/firefox-bin" "--marionette" "-foreground" "-no-remote" "-profile" "/var/folders/53/krkj8w7x2r9093srngzwf3ch0000gn/T/rust_mozprofilesV7O9h"
1625068292025	Marionette	INFO	Marionette enabled
console.warn: SearchSettings: "get: No settings file exists, new profile?" (new NotFoundError("Could not open the file at /var/folders/53/krkj8w7x2r9093srngzwf3ch0000gn/T/rust_mozprofilesV7O9h/search.json.mozlz4", (void 0)))
1625068297076	Marionette	INFO	Listening on port 57088
1625068297139	Marionette	WARN	TLS certificate errors will be ignored for this session
1625068313237	geckodriver	INFO	Listening on 127.0.0.1:57181
1625068314266	mozrunner::runner	INFO	Running command: "/Applications/Firefox.app/Contents/MacOS/firefox-bin" "--marionette" "-foreground" "-no-remote" "-profile" "/var/folders/53/krkj8w7x2r9093srngzwf3ch0000gn/T/rust_mozprofileAmE8L4"
1625068315195	Marionette	INFO	Marionette enabled
console.warn: SearchSettings: "get: No settings file exists, new profile?" (new NotFoundError("Could not open the file at /var/folders/53/krkj8w7x2r9093srngzwf3ch0000gn/T/rust_mozprofileAmE8L4/search.json.mozlz4", (void 0)))
1625068318960	Marionette	INFO	Listening on port 57192
1625068319080	Marionette	WARN	TLS certificate errors will be ignored for this session
console.log: WebExtensions: reset-default-search: starting.
console.log: WebExtensions: reset-default-search: No addons in our list are installed.
console.log: WebExtensions: reset-default-search: starting.
console.log: WebExtensions: reset-default-search: No addons in our list are installed.
console.log: WebExtensions: reset-default-search: starting.
console.log: WebExtensions: reset-default-search: No addons in our list are installed.
console.log: WebExtensions: reset-default-search: starting.
console.log: WebExtensions: reset-default-search: No addons in our list are installed.
1625069594425	geckodriver	INFO	Listening on 127.0.0.1:58847
1625069594621	mozrunner::runner	INFO	Running command: "/Applications/Firefox.app/Contents/MacOS/firefox-bin" "--marionette" "-foreground" "-no-remote" "-profile" "/var/folders/53/krkj8w7x2r9093srngzwf3ch0000gn/T/rust_mozprofilekqygBw"
1625069596070	Marionette	INFO	Marionette enabled
console.warn: SearchSettings: "get: No settings file exists, new profile?" (new NotFoundError("Could not open the file at /var/folders/53/krkj8w7x2r9093srngzwf3ch0000gn/T/rust_mozprofilekqygBw/search.json.mozlz4", (void 0)))
1625069603647	Marionette	INFO	Listening on port 58856
1625069603798	Marionette	WARN	TLS certificate errors will be ignored for this session
console.log: WebExtensions: reset-default-search: starting.
console.log: WebExtensions: reset-default-search: No addons in our list are installed.
1625071106196	Marionette	INFO	Stopped listening on port 56837

###!!! [Parent][RunMessage] Error: Channel closing: too late to send/recv, messages will be lost

1625071107839	Marionette	INFO	Stopped listening on port 56981

###!!! [Parent][RunMessage] Error: Channel closing: too late to send/recv, messages will be lost

JavaScript error: resource://gre/modules/CrashMonitor.jsm, line 201: AbortError: IOUtils: Shutting down and refusing additional I/O tasks
1625071109500	Marionette	INFO	Stopped listening on port 57088

###!!! [Parent][RunMessage] Error: Channel closing: too late to send/recv, messages will be lost

1625071111219	Marionette	INFO	Stopped listening on port 57192

###!!! [Parent][RunMessage] Error: Channel closing: too late to send/recv, messages will be lost

1625071112369	Marionette	INFO	Stopped listening on port 58856
